[1;31mError [SDF.cc:160][0m Tried to use callback in sdf::findFile(), but the callback is empty.  Did you call sdf::setFindCallback()?
[1;31mError [SDF.cc:160][0m Tried to use callback in sdf::findFile(), but the callback is empty.  Did you call sdf::setFindCallback()?
[1;31mError [SDF.cc:160][0m Tried to use callback in sdf::findFile(), but the callback is empty.  Did you call sdf::setFindCallback()?
[1;31mError [SDF.cc:160][0m Tried to use callback in sdf::findFile(), but the callback is empty.  Did you call sdf::setFindCallback()?
[1;31mError [SDF.cc:160][0m Tried to use callback in sdf::findFile(), but the callback is empty.  Did you call sdf::setFindCallback()?
[1;31mError [SDF.cc:160][0m Tried to use callback in sdf::findFile(), but the callback is empty.  Did you call sdf::setFindCallback()?
[1;31mError [SDF.cc:160][0m Tried to use callback in sdf::findFile(), but the callback is empty.  Did you call sdf::setFindCallback()?
[1;31mError [SDF.cc:160][0m Tried to use callback in sdf::findFile(), but the callback is empty.  Did you call sdf::setFindCallback()?
[1;31mError [SDF.cc:160][0m Tried to use callback in sdf::findFile(), but the callback is empty.  Did you call sdf::setFindCallback()?
[1;31mError [SDF.cc:160][0m Tried to use callback in sdf::findFile(), but the callback is empty.  Did you call sdf::setFindCallback()?
[1;31mError [SDF.cc:160][0m Tried to use callback in sdf::findFile(), but the callback is empty.  Did you call sdf::setFindCallback()?
[1;31mError [SDF.cc:160][0m Tried to use callback in sdf::findFile(), but the callback is empty.  Did you call sdf::setFindCallback()?
[1;31mError [SDF.cc:160][0m Tried to use callback in sdf::findFile(), but the callback is empty.  Did you call sdf::setFindCallback()?
[1;31mError [SDF.cc:160][0m Tried to use callback in sdf::findFile(), but the callback is empty.  Did you call sdf::setFindCallback()?
[1;31mError [SDF.cc:160][0m Tried to use callback in sdf::findFile(), but the callback is empty.  Did you call sdf::setFindCallback()?
[1;31mError [SDF.cc:160][0m Tried to use callback in sdf::findFile(), but the callback is empty.  Did you call sdf::setFindCallback()?
[1;31mError [SDF.cc:160][0m Tried to use callback in sdf::findFile(), but the callback is empty.  Did you call sdf::setFindCallback()?
[1;31mError [SDF.cc:160][0m Tried to use callback in sdf::findFile(), but the callback is empty.  Did you call sdf::setFindCallback()?
[1;31mError [SDF.cc:160][0m Tried to use callback in sdf::findFile(), but the callback is empty.  Did you call sdf::setFindCallback()?
[1;31mError [SDF.cc:160][0m Tried to use callback in sdf::findFile(), but the callback is empty.  Did you call sdf::setFindCallback()?
[1;31mError [SDF.cc:160][0m Tried to use callback in sdf::findFile(), but the callback is empty.  Did you call sdf::setFindCallback()?
[1;31mError [SDF.cc:160][0m Tried to use callback in sdf::findFile(), but the callback is empty.  Did you call sdf::setFindCallback()?
[1;31mError [SDF.cc:160][0m Tried to use callback in sdf::findFile(), but the callback is empty.  Did you call sdf::setFindCallback()?
[1;31mError [SDF.cc:160][0m Tried to use callback in sdf::findFile(), but the callback is empty.  Did you call sdf::setFindCallback()?
[1;31mError [SDF.cc:160][0m Tried to use callback in sdf::findFile(), but the callback is empty.  Did you call sdf::setFindCallback()?
[1;31mError [SDF.cc:160][0m Tried to use callback in sdf::findFile(), but the callback is empty.  Did you call sdf::setFindCallback()?
[1;31mError [SDF.cc:160][0m Tried to use callback in sdf::findFile(), but the callback is empty.  Did you call sdf::setFindCallback()?
[1;31mError [SDF.cc:160][0m Tried to use callback in sdf::findFile(), but the callback is empty.  Did you call sdf::setFindCallback()?
[1;31mError [SDF.cc:160][0m Tried to use callback in sdf::findFile(), but the callback is empty.  Did you call sdf::setFindCallback()?
[1;31mError [SDF.cc:160][0m Tried to use callback in sdf::findFile(), but the callback is empty.  Did you call sdf::setFindCallback()?
[1;31mError [SDF.cc:160][0m Tried to use callback in sdf::findFile(), but the callback is empty.  Did you call sdf::setFindCallback()?
[1;31mError [SDF.cc:160][0m Tried to use callback in sdf::findFile(), but the callback is empty.  Did you call sdf::setFindCallback()?
[1;31mError [SDF.cc:160][0m Tried to use callback in sdf::findFile(), but the callback is empty.  Did you call sdf::setFindCallback()?
[1;31mError [SDF.cc:160][0m Tried to use callback in sdf::findFile(), but the callback is empty.  Did you call sdf::setFindCallback()?
[1;31mError [SDF.cc:160][0m Tried to use callback in sdf::findFile(), but the callback is empty.  Did you call sdf::setFindCallback()?
[1;31mError [SDF.cc:160][0m Tried to use callback in sdf::findFile(), but the callback is empty.  Did you call sdf::setFindCallback()?
[1;31mError [SDF.cc:160][0m Tried to use callback in sdf::findFile(), but the callback is empty.  Did you call sdf::setFindCallback()?
[1;31mError [SDF.cc:160][0m Tried to use callback in sdf::findFile(), but the callback is empty.  Did you call sdf::setFindCallback()?
[1;31mError [SDF.cc:160][0m Tried to use callback in sdf::findFile(), but the callback is empty.  Did you call sdf::setFindCallback()?
[1;31mError [SDF.cc:160][0m Tried to use callback in sdf::findFile(), but the callback is empty.  Did you call sdf::setFindCallback()?
[1;31mError [SDF.cc:160][0m Tried to use callback in sdf::findFile(), but the callback is empty.  Did you call sdf::setFindCallback()?
[1;31mError [SDF.cc:160][0m Tried to use callback in sdf::findFile(), but the callback is empty.  Did you call sdf::setFindCallback()?
[1;31mError [SDF.cc:160][0m Tried to use callback in sdf::findFile(), but the callback is empty.  Did you call sdf::setFindCallback()?
[1;31mError [SDF.cc:160][0m Tried to use callback in sdf::findFile(), but the callback is empty.  Did you call sdf::setFindCallback()?
[1;31mError [SDF.cc:160][0m Tried to use callback in sdf::findFile(), but the callback is empty.  Did you call sdf::setFindCallback()?
[1;31mError [SDF.cc:160][0m Tried to use callback in sdf::findFile(), but the callback is empty.  Did you call sdf::setFindCallback()?
[1;31mError [SDF.cc:160][0m Tried to use callback in sdf::findFile(), but the callback is empty.  Did you call sdf::setFindCallback()?
[1;31mError [SDF.cc:160][0m Tried to use callback in sdf::findFile(), but the callback is empty.  Did you call sdf::setFindCallback()?
[1;31mError [SDF.cc:160][0m Tried to use callback in sdf::findFile(), but the callback is empty.  Did you call sdf::setFindCallback()?
[1;31mError [SDF.cc:160][0m Tried to use callback in sdf::findFile(), but the callback is empty.  Did you call sdf::setFindCallback()?
[1;31mError [SDF.cc:160][0m Tried to use callback in sdf::findFile(), but the callback is empty.  Did you call sdf::setFindCallback()?
[1;31mError [SDF.cc:160][0m Tried to use callback in sdf::findFile(), but the callback is empty.  Did you call sdf::setFindCallback()?
[1;31mError [SDF.cc:160][0m Tried to use callback in sdf::findFile(), but the callback is empty.  Did you call sdf::setFindCallback()?
[1;31mError [SDF.cc:160][0m Tried to use callback in sdf::findFile(), but the callback is empty.  Did you call sdf::setFindCallback()?
[1;31mError [SDF.cc:160][0m Tried to use callback in sdf::findFile(), but the callback is empty.  Did you call sdf::setFindCallback()?
[1;31mError [SDF.cc:160][0m Tried to use callback in sdf::findFile(), but the callback is empty.  Did you call sdf::setFindCallback()?
[1;31mError [SDF.cc:160][0m Tried to use callback in sdf::findFile(), but the callback is empty.  Did you call sdf::setFindCallback()?
[1;31mError [SDF.cc:160][0m Tried to use callback in sdf::findFile(), but the callback is empty.  Did you call sdf::setFindCallback()?
[1;31mError [SDF.cc:160][0m Tried to use callback in sdf::findFile(), but the callback is empty.  Did you call sdf::setFindCallback()?
[1;31mError [SDF.cc:160][0m Tried to use callback in sdf::findFile(), but the callback is empty.  Did you call sdf::setFindCallback()?
[1;31mError [SDF.cc:160][0m Tried to use callback in sdf::findFile(), but the callback is empty.  Did you call sdf::setFindCallback()?
[1;31mError [SDF.cc:160][0m Tried to use callback in sdf::findFile(), but the callback is empty.  Did you call sdf::setFindCallback()?
[1;31mError [SDF.cc:160][0m Tried to use callback in sdf::findFile(), but the callback is empty.  Did you call sdf::setFindCallback()?
[1;31mError [SDF.cc:160][0m Tried to use callback in sdf::findFile(), but the callback is empty.  Did you call sdf::setFindCallback()?
[1;31mError [SDF.cc:160][0m Tried to use callback in sdf::findFile(), but the callback is empty.  Did you call sdf::setFindCallback()?
[1;31mError [SDF.cc:160][0m Tried to use callback in sdf::findFile(), but the callback is empty.  Did you call sdf::setFindCallback()?
[1;31mError [SDF.cc:160][0m Tried to use callback in sdf::findFile(), but the callback is empty.  Did you call sdf::setFindCallback()?
[1;31mError [SDF.cc:160][0m Tried to use callback in sdf::findFile(), but the callback is empty.  Did you call sdf::setFindCallback()?
[1;31mError [SDF.cc:160][0m Tried to use callback in sdf::findFile(), but the callback is empty.  Did you call sdf::setFindCallback()?
[1;31mError [SDF.cc:160][0m Tried to use callback in sdf::findFile(), but the callback is empty.  Did you call sdf::setFindCallback()?
[1;31mError [SDF.cc:160][0m Tried to use callback in sdf::findFile(), but the callback is empty.  Did you call sdf::setFindCallback()?
[1;31mError [SDF.cc:160][0m Tried to use callback in sdf::findFile(), but the callback is empty.  Did you call sdf::setFindCallback()?
[1;31mError [SDF.cc:160][0m Tried to use callback in sdf::findFile(), but the callback is empty.  Did you call sdf::setFindCallback()?
[1;31mError [SDF.cc:160][0m Tried to use callback in sdf::findFile(), but the callback is empty.  Did you call sdf::setFindCallback()?
[1;31mError [SDF.cc:160][0m Tried to use callback in sdf::findFile(), but the callback is empty.  Did you call sdf::setFindCallback()?
[1;31mError [SDF.cc:160][0m Tried to use callback in sdf::findFile(), but the callback is empty.  Did you call sdf::setFindCallback()?
[1;31mError [SDF.cc:160][0m Tried to use callback in sdf::findFile(), but the callback is empty.  Did you call sdf::setFindCallback()?
[1;31mError [SDF.cc:160][0m Tried to use callback in sdf::findFile(), but the callback is empty.  Did you call sdf::setFindCallback()?
[1;31mError [SDF.cc:160][0m Tried to use callback in sdf::findFile(), but the callback is empty.  Did you call sdf::setFindCallback()?
[1;31mError [SDF.cc:160][0m Tried to use callback in sdf::findFile(), but the callback is empty.  Did you call sdf::setFindCallback()?
[1;31mError [SDF.cc:160][0m Tried to use callback in sdf::findFile(), but the callback is empty.  Did you call sdf::setFindCallback()?
[1;31mError [SDF.cc:160][0m Tried to use callback in sdf::findFile(), but the callback is empty.  Did you call sdf::setFindCallback()?
[1;31mError [SDF.cc:160][0m Tried to use callback in sdf::findFile(), but the callback is empty.  Did you call sdf::setFindCallback()?
[1;31mError [SDF.cc:160][0m Tried to use callback in sdf::findFile(), but the callback is empty.  Did you call sdf::setFindCallback()?
[1;31mError [SDF.cc:160][0m Tried to use callback in sdf::findFile(), but the callback is empty.  Did you call sdf::setFindCallback()?
[1;31mError [SDF.cc:160][0m Tried to use callback in sdf::findFile(), but the callback is empty.  Did you call sdf::setFindCallback()?
[1;31mError [SDF.cc:160][0m Tried to use callback in sdf::findFile(), but the callback is empty.  Did you call sdf::setFindCallback()?
Error Code 13: [/sdf/world[@name="default"]/model[@name="AirconditionerA_01_001"]/include[0]/uri:/root/ros2_ws/src/robomaster_gazebo/external/aws_robomaker_small_house_world/worlds/small_house.world:L40]: Msg: Unable to find uri[model://aws_robomaker_residential_AirconditionerA_01]
Error Code 13: [/sdf/world[@name="default"]/model[@name="AirconditionerB_01_001"]/include[0]/uri:/root/ros2_ws/src/robomaster_gazebo/external/aws_robomaker_small_house_world/worlds/small_house.world:L48]: Msg: Unable to find uri[model://aws_robomaker_residential_AirconditionerB_01]
Error Code 13: [/sdf/world[@name="default"]/model[@name="Ball_01_001"]/include[0]/uri:/root/ros2_ws/src/robomaster_gazebo/external/aws_robomaker_small_house_world/worlds/small_house.world:L55]: Msg: Unable to find uri[model://aws_robomaker_residential_Ball_01]
Error Code 13: [/sdf/world[@name="default"]/model[@name="Ball_01_003"]/include[0]/uri:/root/ros2_ws/src/robomaster_gazebo/external/aws_robomaker_small_house_world/worlds/small_house.world:L74]: Msg: Unable to find uri[model://aws_robomaker_residential_Ball_01]
Error Code 13: [/sdf/world[@name="default"]/model[@name="Bed_01_001"]/include[0]/uri:/root/ros2_ws/src/robomaster_gazebo/external/aws_robomaker_small_house_world/worlds/small_house.world:L81]: Msg: Unable to find uri[model://aws_robomaker_residential_Bed_01]
Error Code 13: [/sdf/world[@name="default"]/model[@name="NightStand_01_001"]/include[0]/uri:/root/ros2_ws/src/robomaster_gazebo/external/aws_robomaker_small_house_world/worlds/small_house.world:L88]: Msg: Unable to find uri[model://aws_robomaker_residential_NightStand_01]
Error Code 13: [/sdf/world[@name="default"]/model[@name="NightStand_01_002"]/include[0]/uri:/root/ros2_ws/src/robomaster_gazebo/external/aws_robomaker_small_house_world/worlds/small_house.world:L95]: Msg: Unable to find uri[model://aws_robomaker_residential_NightStand_01]
Error Code 13: [/sdf/world[@name="default"]/model[@name="Board_01_001"]/include[0]/uri:/root/ros2_ws/src/robomaster_gazebo/external/aws_robomaker_small_house_world/worlds/small_house.world:L102]: Msg: Unable to find uri[model://aws_robomaker_residential_Board_01]
Error Code 13: [/sdf/world[@name="default"]/model[@name="ChairA_01_001"]/include[0]/uri:/root/ros2_ws/src/robomaster_gazebo/external/aws_robomaker_small_house_world/worlds/small_house.world:L120]: Msg: Unable to find uri[model://aws_robomaker_residential_ChairA_01]
Error Code 13: [/sdf/world[@name="default"]/model[@name="ChairA_01_002"]/include[0]/uri:/root/ros2_ws/src/robomaster_gazebo/external/aws_robomaker_small_house_world/worlds/small_house.world:L127]: Msg: Unable to find uri[model://aws_robomaker_residential_ChairA_01]
Error Code 13: [/sdf/world[@name="default"]/model[@name="ChairA_01_003"]/include[0]/uri:/root/ros2_ws/src/robomaster_gazebo/external/aws_robomaker_small_house_world/worlds/small_house.world:L134]: Msg: Unable to find uri[model://aws_robomaker_residential_ChairA_01]
Error Code 13: [/sdf/world[@name="default"]/model[@name="ChairA_01_004"]/include[0]/uri:/root/ros2_ws/src/robomaster_gazebo/external/aws_robomaker_small_house_world/worlds/small_house.world:L141]: Msg: Unable to find uri[model://aws_robomaker_residential_ChairA_01]
Error Code 13: [/sdf/world[@name="default"]/model[@name="ChairA_01_005"]/include[0]/uri:/root/ros2_ws/src/robomaster_gazebo/external/aws_robomaker_small_house_world/worlds/small_house.world:L148]: Msg: Unable to find uri[model://aws_robomaker_residential_ChairA_01]
Error Code 13: [/sdf/world[@name="default"]/model[@name="ChairD_01_001"]/include[0]/uri:/root/ros2_ws/src/robomaster_gazebo/external/aws_robomaker_small_house_world/worlds/small_house.world:L155]: Msg: Unable to find uri[model://aws_robomaker_residential_ChairD_01]
Error Code 13: [/sdf/world[@name="default"]/model[@name="ChairD_01_002"]/include[0]/uri:/root/ros2_ws/src/robomaster_gazebo/external/aws_robomaker_small_house_world/worlds/small_house.world:L162]: Msg: Unable to find uri[model://aws_robomaker_residential_ChairD_01]
Error Code 13: [/sdf/world[@name="default"]/model[@name="ChairD_01_003"]/include[0]/uri:/root/ros2_ws/src/robomaster_gazebo/external/aws_robomaker_small_house_world/worlds/small_house.world:L169]: Msg: Unable to find uri[model://aws_robomaker_residential_ChairD_01]
Error Code 13: [/sdf/world[@name="default"]/model[@name="Chandelier_01_001"]/include[0]/uri:/root/ros2_ws/src/robomaster_gazebo/external/aws_robomaker_small_house_world/worlds/small_house.world:L176]: Msg: Unable to find uri[model://aws_robomaker_residential_Chandelier_01]
Error Code 13: [/sdf/world[@name="default"]/model[@name="Chandelier_01_002"]/include[0]/uri:/root/ros2_ws/src/robomaster_gazebo/external/aws_robomaker_small_house_world/worlds/small_house.world:L183]: Msg: Unable to find uri[model://aws_robomaker_residential_Chandelier_01]
Error Code 13: [/sdf/world[@name="default"]/model[@name="Chandelier_01_003"]/include[0]/uri:/root/ros2_ws/src/robomaster_gazebo/external/aws_robomaker_small_house_world/worlds/small_house.world:L190]: Msg: Unable to find uri[model://aws_robomaker_residential_Chandelier_01]
Error Code 13: [/sdf/world[@name="default"]/model[@name="Chandelier_01_004"]/include[0]/uri:/root/ros2_ws/src/robomaster_gazebo/external/aws_robomaker_small_house_world/worlds/small_house.world:L197]: Msg: Unable to find uri[model://aws_robomaker_residential_Chandelier_01]
Error Code 13: [/sdf/world[@name="default"]/model[@name="Carpet_01_001"]/include[0]/uri:/root/ros2_ws/src/robomaster_gazebo/external/aws_robomaker_small_house_world/worlds/small_house.world:L204]: Msg: Unable to find uri[model://aws_robomaker_residential_Carpet_01]
Error Code 13: [/sdf/world[@name="default"]/model[@name="Carpet_01_002"]/include[0]/uri:/root/ros2_ws/src/robomaster_gazebo/external/aws_robomaker_small_house_world/worlds/small_house.world:L211]: Msg: Unable to find uri[model://aws_robomaker_residential_Carpet_01]
Error Code 13: [/sdf/world[@name="default"]/model[@name="SecurityCamera_01_001"]/include[0]/uri:/root/ros2_ws/src/robomaster_gazebo/external/aws_robomaker_small_house_world/worlds/small_house.world:L218]: Msg: Unable to find uri[model://aws_robomaker_residential_SecurityCamera_01]
Error Code 13: [/sdf/world[@name="default"]/model[@name="CoffeeTable_01_001"]/include[0]/uri:/root/ros2_ws/src/robomaster_gazebo/external/aws_robomaker_small_house_world/worlds/small_house.world:L225]: Msg: Unable to find uri[model://aws_robomaker_residential_CoffeeTable_01]
Error Code 13: [/sdf/world[@name="default"]/model[@name="CookingBench_01_001"]/include[0]/uri:/root/ros2_ws/src/robomaster_gazebo/external/aws_robomaker_small_house_world/worlds/small_house.world:L231]: Msg: Unable to find uri[model://aws_robomaker_residential_CookingBench_01]
Error Code 13: [/sdf/world[@name="default"]/model[@name="Curtain_01_001"]/include[0]/uri:/root/ros2_ws/src/robomaster_gazebo/external/aws_robomaker_small_house_world/worlds/small_house.world:L240]: Msg: Unable to find uri[model://aws_robomaker_residential_Curtain_01]
Error Code 13: [/sdf/world[@name="default"]/model[@name="KitchenTable_01_001"]/include[0]/uri:/root/ros2_ws/src/robomaster_gazebo/external/aws_robomaker_small_house_world/worlds/small_house.world:L248]: Msg: Unable to find uri[model://aws_robomaker_residential_KitchenTable_01]
Error Code 13: [/sdf/world[@name="default"]/model[@name="ReadingDesk_01_001"]/include[0]/uri:/root/ros2_ws/src/robomaster_gazebo/external/aws_robomaker_small_house_world/worlds/small_house.world:L255]: Msg: Unable to find uri[model://aws_robomaker_residential_ReadingDesk_01]
Error Code 13: [/sdf/world[@name="default"]/model[@name="BalconyTable_01_001"]/include[0]/uri:/root/ros2_ws/src/robomaster_gazebo/external/aws_robomaker_small_house_world/worlds/small_house.world:L262]: Msg: Unable to find uri[model://aws_robomaker_residential_BalconyTable_01]
Error Code 13: [/sdf/world[@name="default"]/model[@name="Door_01_001"]/include[0]/uri:/root/ros2_ws/src/robomaster_gazebo/external/aws_robomaker_small_house_world/worlds/small_house.world:L270]: Msg: Unable to find uri[model://aws_robomaker_residential_Door_01]
Error Code 13: [/sdf/world[@name="default"]/model[@name="Dumbbell_01_001"]/include[0]/uri:/root/ros2_ws/src/robomaster_gazebo/external/aws_robomaker_small_house_world/worlds/small_house.world:L278]: Msg: Unable to find uri[model://aws_robomaker_residential_Dumbbell_01]
Error Code 13: [/sdf/world[@name="default"]/model[@name="Tablet_01_001"]/include[0]/uri:/root/ros2_ws/src/robomaster_gazebo/external/aws_robomaker_small_house_world/worlds/small_house.world:L285]: Msg: Unable to find uri[model://aws_robomaker_residential_Tablet_01]
Error Code 13: [/sdf/world[@name="default"]/model[@name="FitnessEquipment_01_001"]/include[0]/uri:/root/ros2_ws/src/robomaster_gazebo/external/aws_robomaker_small_house_world/worlds/small_house.world:L292]: Msg: Unable to find uri[model://aws_robomaker_residential_FitnessEquipment_01]
Error Code 13: [/sdf/world[@name="default"]/model[@name="FoldingDoor_01_001"]/include[0]/uri:/root/ros2_ws/src/robomaster_gazebo/external/aws_robomaker_small_house_world/worlds/small_house.world:L299]: Msg: Unable to find uri[model://aws_robomaker_residential_FoldingDoor_01]
Error Code 13: [/sdf/world[@name="default"]/model[@name="FoldingDoor_01_002"]/include[0]/uri:/root/ros2_ws/src/robomaster_gazebo/external/aws_robomaker_small_house_world/worlds/small_house.world:L306]: Msg: Unable to find uri[model://aws_robomaker_residential_FoldingDoor_01]
Error Code 13: [/sdf/world[@name="default"]/model[@name="Handle_01_001"]/include[0]/uri:/root/ros2_ws/src/robomaster_gazebo/external/aws_robomaker_small_house_world/worlds/small_house.world:L313]: Msg: Unable to find uri[model://aws_robomaker_residential_Handle_01]
Error Code 13: [/sdf/world[@name="default"]/model[@name="HouseWallB_01_001"]/include[0]/uri:/root/ros2_ws/src/robomaster_gazebo/external/aws_robomaker_small_house_world/worlds/small_house.world:L321]: Msg: Unable to find uri[model://aws_robomaker_residential_HouseWallB_01]
Error Code 13: [/sdf/world[@name="default"]/model[@name="FloorB_01_001"]/include[0]/uri:/root/ros2_ws/src/robomaster_gazebo/external/aws_robomaker_small_house_world/worlds/small_house.world:L329]: Msg: Unable to find uri[model://aws_robomaker_residential_FloorB_01]
Error Code 13: [/sdf/world[@name="default"]/model[@name="FoldingDoor_02_001"]/include[0]/uri:/root/ros2_ws/src/robomaster_gazebo/external/aws_robomaker_small_house_world/worlds/small_house.world:L338]: Msg: Unable to find uri[model://aws_robomaker_residential_FoldingDoor_02]
Error Code 13: [/sdf/world[@name="default"]/model[@name="FoldingDoor_02_002"]/include[0]/uri:/root/ros2_ws/src/robomaster_gazebo/external/aws_robomaker_small_house_world/worlds/small_house.world:L346]: Msg: Unable to find uri[model://aws_robomaker_residential_FoldingDoor_02]
Error Code 13: [/sdf/world[@name="default"]/model[@name="KitchenCabinet_01_001"]/include[0]/uri:/root/ros2_ws/src/robomaster_gazebo/external/aws_robomaker_small_house_world/worlds/small_house.world:L354]: Msg: Unable to find uri[model://aws_robomaker_residential_KitchenCabinet_01]
Error Code 13: [/sdf/world[@name="default"]/model[@name="KitchenUtensils_01_001"]/include[0]/uri:/root/ros2_ws/src/robomaster_gazebo/external/aws_robomaker_small_house_world/worlds/small_house.world:L361]: Msg: Unable to find uri[model://aws_robomaker_residential_KitchenUtensils_01]
Error Code 13: [/sdf/world[@name="default"]/model[@name="LightC_01_001"]/include[0]/uri:/root/ros2_ws/src/robomaster_gazebo/external/aws_robomaker_small_house_world/worlds/small_house.world:L369]: Msg: Unable to find uri[model://aws_robomaker_residential_LightC_01]
Error Code 13: [/sdf/world[@name="default"]/model[@name="LightC_01_002"]/include[0]/uri:/root/ros2_ws/src/robomaster_gazebo/external/aws_robomaker_small_house_world/worlds/small_house.world:L376]: Msg: Unable to find uri[model://aws_robomaker_residential_LightC_01]
Error Code 13: [/sdf/world[@name="default"]/model[@name="PortraitA_01"]/include[0]/uri:/root/ros2_ws/src/robomaster_gazebo/external/aws_robomaker_small_house_world/worlds/small_house.world:L393]: Msg: Unable to find uri[model://aws_robomaker_residential_PortraitA_01]
Error Code 13: [/sdf/world[@name="default"]/model[@name="PortraitB_01"]/include[0]/uri:/root/ros2_ws/src/robomaster_gazebo/external/aws_robomaker_small_house_world/worlds/small_house.world:L401]: Msg: Unable to find uri[model://aws_robomaker_residential_PortraitB_01]
Error Code 13: [/sdf/world[@name="default"]/model[@name="PortraitB_02"]/include[0]/uri:/root/ros2_ws/src/robomaster_gazebo/external/aws_robomaker_small_house_world/worlds/small_house.world:L409]: Msg: Unable to find uri[model://aws_robomaker_residential_PortraitB_02]
Error Code 13: [/sdf/world[@name="default"]/model[@name="PortraitB_03"]/include[0]/uri:/root/ros2_ws/src/robomaster_gazebo/external/aws_robomaker_small_house_world/worlds/small_house.world:L417]: Msg: Unable to find uri[model://aws_robomaker_residential_PortraitB_03]
Error Code 13: [/sdf/world[@name="default"]/model[@name="PortraitA_02"]/include[0]/uri:/root/ros2_ws/src/robomaster_gazebo/external/aws_robomaker_small_house_world/worlds/small_house.world:L425]: Msg: Unable to find uri[model://aws_robomaker_residential_PortraitA_02]
Error Code 13: [/sdf/world[@name="default"]/model[@name="PortraitC_01"]/include[0]/uri:/root/ros2_ws/src/robomaster_gazebo/external/aws_robomaker_small_house_world/worlds/small_house.world:L433]: Msg: Unable to find uri[model://aws_robomaker_residential_PortraitC_01]
Error Code 13: [/sdf/world[@name="default"]/model[@name="PortraitD_01"]/include[0]/uri:/root/ros2_ws/src/robomaster_gazebo/external/aws_robomaker_small_house_world/worlds/small_house.world:L441]: Msg: Unable to find uri[model://aws_robomaker_residential_PortraitD_01]
Error Code 13: [/sdf/world[@name="default"]/model[@name="PortraitD_02"]/include[0]/uri:/root/ros2_ws/src/robomaster_gazebo/external/aws_robomaker_small_house_world/worlds/small_house.world:L448]: Msg: Unable to find uri[model://aws_robomaker_residential_PortraitD_02]
Error Code 13: [/sdf/world[@name="default"]/model[@name="PortraitE_01"]/include[0]/uri:/root/ros2_ws/src/robomaster_gazebo/external/aws_robomaker_small_house_world/worlds/small_house.world:L456]: Msg: Unable to find uri[model://aws_robomaker_residential_PortraitE_01]
Error Code 13: [/sdf/world[@name="default"]/model[@name="PortraitE_02"]/include[0]/uri:/root/ros2_ws/src/robomaster_gazebo/external/aws_robomaker_small_house_world/worlds/small_house.world:L463]: Msg: Unable to find uri[model://aws_robomaker_residential_PortraitE_02]
Error Code 13: [/sdf/world[@name="default"]/model[@name="DeskPortraitA_01"]/include[0]/uri:/root/ros2_ws/src/robomaster_gazebo/external/aws_robomaker_small_house_world/worlds/small_house.world:L472]: Msg: Unable to find uri[model://aws_robomaker_residential_DeskPortraitA_01]
Error Code 13: [/sdf/world[@name="default"]/model[@name="DeskPortraitA_02"]/include[0]/uri:/root/ros2_ws/src/robomaster_gazebo/external/aws_robomaker_small_house_world/worlds/small_house.world:L479]: Msg: Unable to find uri[model://aws_robomaker_residential_DeskPortraitA_02]
Error Code 13: [/sdf/world[@name="default"]/model[@name="DeskPortraitC_01"]/include[0]/uri:/root/ros2_ws/src/robomaster_gazebo/external/aws_robomaker_small_house_world/worlds/small_house.world:L487]: Msg: Unable to find uri[model://aws_robomaker_residential_DeskPortraitC_01]
Error Code 13: [/sdf/world[@name="default"]/model[@name="DeskPortraitC_02"]/include[0]/uri:/root/ros2_ws/src/robomaster_gazebo/external/aws_robomaker_small_house_world/worlds/small_house.world:L494]: Msg: Unable to find uri[model://aws_robomaker_residential_DeskPortraitC_02]
Error Code 13: [/sdf/world[@name="default"]/model[@name="DeskPortraitD_01"]/include[0]/uri:/root/ros2_ws/src/robomaster_gazebo/external/aws_robomaker_small_house_world/worlds/small_house.world:L501]: Msg: Unable to find uri[model://aws_robomaker_residential_DeskPortraitD_01]
Error Code 13: [/sdf/world[@name="default"]/model[@name="DeskPortraitD_02"]/include[0]/uri:/root/ros2_ws/src/robomaster_gazebo/external/aws_robomaker_small_house_world/worlds/small_house.world:L508]: Msg: Unable to find uri[model://aws_robomaker_residential_DeskPortraitD_02]
Error Code 13: [/sdf/world[@name="default"]/model[@name="DeskPortraitD_03"]/include[0]/uri:/root/ros2_ws/src/robomaster_gazebo/external/aws_robomaker_small_house_world/worlds/small_house.world:L515]: Msg: Unable to find uri[model://aws_robomaker_residential_DeskPortraitD_03]
Error Code 13: [/sdf/world[@name="default"]/model[@name="DeskPortraitD_04"]/include[0]/uri:/root/ros2_ws/src/robomaster_gazebo/external/aws_robomaker_small_house_world/worlds/small_house.world:L522]: Msg: Unable to find uri[model://aws_robomaker_residential_DeskPortraitD_04]
Error Code 13: [/sdf/world[@name="default"]/model[@name="DeskPortraitB_01"]/include[0]/uri:/root/ros2_ws/src/robomaster_gazebo/external/aws_robomaker_small_house_world/worlds/small_house.world:L529]: Msg: Unable to find uri[model://aws_robomaker_residential_DeskPortraitB_01]
Error Code 13: [/sdf/world[@name="default"]/model[@name="DeskPortraitB_02"]/include[0]/uri:/root/ros2_ws/src/robomaster_gazebo/external/aws_robomaker_small_house_world/worlds/small_house.world:L536]: Msg: Unable to find uri[model://aws_robomaker_residential_DeskPortraitB_02]
Error Code 13: [/sdf/world[@name="default"]/model[@name="Rangehood_01_001"]/include[0]/uri:/root/ros2_ws/src/robomaster_gazebo/external/aws_robomaker_small_house_world/worlds/small_house.world:L545]: Msg: Unable to find uri[model://aws_robomaker_residential_Rangehood_01]
Error Code 13: [/sdf/world[@name="default"]/model[@name="Refrigerator_01_001"]/include[0]/uri:/root/ros2_ws/src/robomaster_gazebo/external/aws_robomaker_small_house_world/worlds/small_house.world:L553]: Msg: Unable to find uri[model://aws_robomaker_residential_Refrigerator_01]
Error Code 13: [/sdf/world[@name="default"]/model[@name="SeasoningBox_01_001"]/include[0]/uri:/root/ros2_ws/src/robomaster_gazebo/external/aws_robomaker_small_house_world/worlds/small_house.world:L560]: Msg: Unable to find uri[model://aws_robomaker_residential_SeasoningBox_01]
Error Code 13: [/sdf/world[@name="default"]/model[@name="ShoeRack_01_001"]/include[0]/uri:/root/ros2_ws/src/robomaster_gazebo/external/aws_robomaker_small_house_world/worlds/small_house.world:L567]: Msg: Unable to find uri[model://aws_robomaker_residential_ShoeRack_01]
Error Code 13: [/sdf/world[@name="default"]/model[@name="SofaC_01_001"]/include[0]/uri:/root/ros2_ws/src/robomaster_gazebo/external/aws_robomaker_small_house_world/worlds/small_house.world:L574]: Msg: Unable to find uri[model://aws_robomaker_residential_SofaC_01]
Error Code 13: [/sdf/world[@name="default"]/model[@name="Tableware_01_001"]/include[0]/uri:/root/ros2_ws/src/robomaster_gazebo/external/aws_robomaker_small_house_world/worlds/small_house.world:L581]: Msg: Unable to find uri[model://aws_robomaker_residential_Tableware_01]
Error Code 13: [/sdf/world[@name="default"]/model[@name="Trash_01_001"]/include[0]/uri:/root/ros2_ws/src/robomaster_gazebo/external/aws_robomaker_small_house_world/worlds/small_house.world:L588]: Msg: Unable to find uri[model://aws_robomaker_residential_Trash_01]
Error Code 13: [/sdf/world[@name="default"]/model[@name="Trash_01_002"]/include[0]/uri:/root/ros2_ws/src/robomaster_gazebo/external/aws_robomaker_small_house_world/worlds/small_house.world:L595]: Msg: Unable to find uri[model://aws_robomaker_residential_Trash_01]
Error Code 13: [/sdf/world[@name="default"]/model[@name="TV_01_001"]/include[0]/uri:/root/ros2_ws/src/robomaster_gazebo/external/aws_robomaker_small_house_world/worlds/small_house.world:L602]: Msg: Unable to find uri[model://aws_robomaker_residential_TV_01]
Error Code 13: [/sdf/world[@name="default"]/model[@name="TV_02_001"]/include[0]/uri:/root/ros2_ws/src/robomaster_gazebo/external/aws_robomaker_small_house_world/worlds/small_house.world:L609]: Msg: Unable to find uri[model://aws_robomaker_residential_TV_02]
Error Code 13: [/sdf/world[@name="default"]/model[@name="TVCabinet_01_001"]/include[0]/uri:/root/ros2_ws/src/robomaster_gazebo/external/aws_robomaker_small_house_world/worlds/small_house.world:L616]: Msg: Unable to find uri[model://aws_robomaker_residential_TVCabinet_01]
Error Code 13: [/sdf/world[@name="default"]/model[@name="Vase_01_001"]/include[0]/uri:/root/ros2_ws/src/robomaster_gazebo/external/aws_robomaker_small_house_world/worlds/small_house.world:L626]: Msg: Unable to find uri[model://aws_robomaker_residential_Vase_01]
Error Code 13: [/sdf/world[@name="default"]/model[@name="RoomWall_01_001"]/include[0]/uri:/root/ros2_ws/src/robomaster_gazebo/external/aws_robomaker_small_house_world/worlds/small_house.world:L633]: Msg: Unable to find uri[model://aws_robomaker_residential_RoomWall_01]
Error Code 13: [/sdf/world[@name="default"]/model[@name="Wardrobe_01_001"]/include[0]/uri:/root/ros2_ws/src/robomaster_gazebo/external/aws_robomaker_small_house_world/worlds/small_house.world:L643]: Msg: Unable to find uri[model://aws_robomaker_residential_Wardrobe_01]
Error Code 13: [/sdf/world[@name="default"]/model[@name="RoomWindow_01_001"]/include[0]/uri:/root/ros2_ws/src/robomaster_gazebo/external/aws_robomaker_small_house_world/worlds/small_house.world:L650]: Msg: Unable to find uri[model://aws_robomaker_residential_RoomWindow_01]
Error Code 13: [/sdf/world[@name="default"]/model[@name="RoomWindow_01_002"]/include[0]/uri:/root/ros2_ws/src/robomaster_gazebo/external/aws_robomaker_small_house_world/worlds/small_house.world:L657]: Msg: Unable to find uri[model://aws_robomaker_residential_RoomWindow_01]
Error Code 13: [/sdf/world[@name="default"]/model[@name="RoomWindow_01_003"]/include[0]/uri:/root/ros2_ws/src/robomaster_gazebo/external/aws_robomaker_small_house_world/worlds/small_house.world:L664]: Msg: Unable to find uri[model://aws_robomaker_residential_RoomWindow_01]
Error Code 13: [/sdf/world[@name="default"]/model[@name="RoomWindow_01_004"]/include[0]/uri:/root/ros2_ws/src/robomaster_gazebo/external/aws_robomaker_small_house_world/worlds/small_house.world:L671]: Msg: Unable to find uri[model://aws_robomaker_residential_RoomWindow_01]
Error Code 13: [/sdf/world[@name="default"]/model[@name="RoomWindow_01_005"]/include[0]/uri:/root/ros2_ws/src/robomaster_gazebo/external/aws_robomaker_small_house_world/worlds/small_house.world:L678]: Msg: Unable to find uri[model://aws_robomaker_residential_RoomWindow_01]
Error Code 13: [/sdf/world[@name="default"]/model[@name="RoomWindow_01_006"]/include[0]/uri:/root/ros2_ws/src/robomaster_gazebo/external/aws_robomaker_small_house_world/worlds/small_house.world:L685]: Msg: Unable to find uri[model://aws_robomaker_residential_RoomWindow_01]
Error Code 13: [/sdf/world[@name="default"]/model[@name="RoomWindow_01_007"]/include[0]/uri:/root/ros2_ws/src/robomaster_gazebo/external/aws_robomaker_small_house_world/worlds/small_house.world:L692]: Msg: Unable to find uri[model://aws_robomaker_residential_RoomWindow_01]
Error Code 13: [/sdf/world[@name="default"]/model[@name="RoomWindow_01_008"]/include[0]/uri:/root/ros2_ws/src/robomaster_gazebo/external/aws_robomaker_small_house_world/worlds/small_house.world:L699]: Msg: Unable to find uri[model://aws_robomaker_residential_RoomWindow_01]
Error Code 13: [/sdf/world[@name="default"]/model[@name="RoomWindow_01_009"]/include[0]/uri:/root/ros2_ws/src/robomaster_gazebo/external/aws_robomaker_small_house_world/worlds/small_house.world:L706]: Msg: Unable to find uri[model://aws_robomaker_residential_RoomWindow_01]
